STEP to UG
! INFO-     NX STEP AP214 - V1899
! INFO-      
! INFO-     Start of Translation: 27-JUN-2022  12:15:55 PM
! INFO-      
! STATUS-   Converting Part: C:\Users\juand\OneDrive\Documentos\APM\Github\SediaAutomatica\6 - Digital Factory\Modelos\Maquina de moldeo por soplado\Diseno_Final\Modelo simplificado 8\Conveyor_Perfiles.step
! SUMMARY-   
! SUMMARY-    STEP Header Information
! SUMMARY-   
! SUMMARY-  Description      Unknown
! SUMMARY-  Imp_Level        2;1
! SUMMARY-  File_Name        C:/Users/juand/OneDrive/Documentos/APM/Github/SediaAutomatica/6 - Digital Factory/Modelos/Maquina de moldeo por soplado/Diseno_Final/Modelo simplificado 8/Conveyor_Perfiles.step
! SUMMARY-  Date             2022-06-27T11:56:30-05:00
! SUMMARY-  Author           Unknown
! SUMMARY-  Organization     Unknown
! SUMMARY-  Pre_Version      ST-DEVELOPER v19
! SUMMARY-  Orig_System      Autodesk Translation Framework v11.7.0.108
! SUMMARY-  Authorization    Unknown
! SUMMARY-  Schema_ID        automotive_design
! SUMMARY-   
! SUMMARY-    Summary of STEP Entities
! SUMMARY-   
! SUMMARY-  Entity Type                                                   Count
! SUMMARY-  -----------                                                   ------
! SUMMARY-  advanced_face ..............................................:     66
! SUMMARY-  application_context ........................................:      1
! SUMMARY-  axis2_placement_3d .........................................:    109
! SUMMARY-  cartesian_point ............................................:    337
! SUMMARY-  circle .....................................................:     32
! SUMMARY-  closed_shell ...............................................:      7
! SUMMARY-  context_dependent_shape_representation .....................:      5
! SUMMARY-  cylindrical_surface ........................................:     16
! SUMMARY-  direction ..................................................:    342
! SUMMARY-  edge_curve .................................................:    156
! SUMMARY-  edge_loop ..................................................:     98
! SUMMARY-  face_bound .................................................:     32
! SUMMARY-  face_outer_bound ...........................................:     66
! SUMMARY-  geometric_representation_context_and_global_uncertainty_a ..:      7
! SUMMARY-  item_defined_transformation ................................:      5
! SUMMARY-  length_unit_and_si_unit ....................................:      1
! SUMMARY-  line .......................................................:    124
! SUMMARY-  manifold_solid_brep ........................................:      7
! SUMMARY-  next_assembly_usage_occurrence .............................:      5
! SUMMARY-  oriented_edge ..............................................:    312
! SUMMARY-  plane ......................................................:     50
! SUMMARY-  plane_angle_unit_and_si_unit ...............................:      1
! SUMMARY-  product ....................................................:      6
! SUMMARY-  product_context ............................................:      1
! SUMMARY-  product_definition .........................................:      6
! SUMMARY-  product_definition_context .................................:      1
! SUMMARY-  product_definition_formation ...............................:      6
! SUMMARY-  product_definition_shape ...................................:     11
! SUMMARY-  product_related_product_category ...........................:      6
! SUMMARY-  representation_relationship_with_transformation_and_shape ..:      5
! SUMMARY-  shape_representation .......................................:      6
! SUMMARY-  si_unit_and_solid_angle_unit ...............................:      1
! SUMMARY-  uncertainty_measure_with_unit ..............................:      7
! SUMMARY-  vector .....................................................:    124
! SUMMARY-  vertex_point ...............................................:    104
! SUMMARY-                                                               -------
! SUMMARY-  Total                                                           2063
! STATUS-    
! STATUS-   Converting to Output Form (Phase 2 of 3): 27-JUN-2022 12:15:55 PM
! STATUS-    
! STATUS-    
! STATUS-   Generating UG geometry and placing them in parts
! STATUS-    
! STATUS-   Creating the UG part (Phase 3 of 3): 27-JUN-2022  12:15:56 PM
! INFO-     Filing Part ..: C:\Users\juand\OneDrive\Documentos\APM\Github\SediaAutomatica\6 - Digital Factory\Modelos\Maquina de moldeo por soplado\Diseno_Final\Modelo simplificado 8\Perfiles
! SUMMARY-   
! SUMMARY-  Summary of Unigraphics Part Entities
! SUMMARY-   
! SUMMARY-  Entities Processed             Count
! SUMMARY-  ------------------             -----
! SUMMARY-  Solid .......................:     4
! SUMMARY-                                 -----
! SUMMARY-  Total                              4
! STATUS-   Creating the UG part (Phase 3 of 3): 27-JUN-2022  12:15:58 PM
! INFO-     Filing Part ..: C:\Users\juand\OneDrive\Documentos\APM\Github\SediaAutomatica\6 - Digital Factory\Modelos\Maquina de moldeo por soplado\Diseno_Final\Modelo simplificado 8\Banda (3)
! SUMMARY-   
! SUMMARY-  Summary of Unigraphics Part Entities
! SUMMARY-   
! SUMMARY-  Entities Processed             Count
! SUMMARY-  ------------------             -----
! SUMMARY-  Solid .......................:     1
! SUMMARY-                                 -----
! SUMMARY-  Total                              1
! STATUS-   Creating the UG part (Phase 3 of 3): 27-JUN-2022  12:15:58 PM
! INFO-     Filing Part ..: C:\Users\juand\OneDrive\Documentos\APM\Github\SediaAutomatica\6 - Digital Factory\Modelos\Maquina de moldeo por soplado\Diseno_Final\Modelo simplificado 8\Soporte_banda_i (3)
! SUMMARY-   
! SUMMARY-  Summary of Unigraphics Part Entities
! SUMMARY-   
! SUMMARY-  Entities Processed             Count
! SUMMARY-  ------------------             -----
! SUMMARY-  Solid .......................:     1
! SUMMARY-                                 -----
! SUMMARY-  Total                              1
! STATUS-   Creating the UG part (Phase 3 of 3): 27-JUN-2022  12:15:58 PM
! INFO-     Filing Part ..: C:\Users\juand\OneDrive\Documentos\APM\Github\SediaAutomatica\6 - Digital Factory\Modelos\Maquina de moldeo por soplado\Diseno_Final\Modelo simplificado 8\Soporte_banda_d (3)
! SUMMARY-   
! SUMMARY-  Summary of Unigraphics Part Entities
! SUMMARY-   
! SUMMARY-  Entities Processed             Count
! SUMMARY-  ------------------             -----
! SUMMARY-  Solid .......................:     1
! SUMMARY-                                 -----
! SUMMARY-  Total                              1
! STATUS-   Creating the UG part (Phase 3 of 3): 27-JUN-2022  12:15:58 PM
! INFO-     Filing Part ..: C:\Users\juand\OneDrive\Documentos\APM\Github\SediaAutomatica\6 - Digital Factory\Modelos\Maquina de moldeo por soplado\Diseno_Final\Modelo simplificado 8\Conveyor v1 (2)
! SUMMARY-   
! SUMMARY-  Summary of Unigraphics Part Entities
! SUMMARY-   
! SUMMARY-  Entities Processed             Count
! SUMMARY-  ------------------             -----
! SUMMARY-  Component ...................:     3
! SUMMARY-                                 -----
! SUMMARY-  Total                              3
! STATUS-   Creating the UG part (Phase 3 of 3): 27-JUN-2022  12:15:59 PM
! INFO-     Filing Part ..: C:\Users\juand\OneDrive\Documentos\APM\Github\SediaAutomatica\6 - Digital Factory\Modelos\Maquina de moldeo por soplado\Diseno_Final\Modelo simplificado 8\Conveyor_Perfiles.prt
! SUMMARY-   
! SUMMARY-  Summary of Unigraphics Part Entities
! SUMMARY-   
! SUMMARY-  Entities Processed             Count
! SUMMARY-  ------------------             -----
! SUMMARY-  Component ...................:     2
! SUMMARY-                                 -----
! SUMMARY-  Total                              2
! INFO-      
! INFO-     Total number of solids input for this translation       :         7
! INFO-      
! INFO-     Number of solids created without body validation faults :         7
! INFO-      
! INFO-     Number of solids created with body validation fault(s)  :         0
! INFO-      
! INFO-     Number of solids ending up as sheet bodies              :         0
! INFO-      
! INFO-     End of Translation: 27-JUN-2022  12:15:59 PM
! INFO-      
STEP to UG
! INFO-     NX STEP AP214 - V1899
! INFO-      
! INFO-     Start of Translation: 27-JUN-2022  1:06:06 PM
! INFO-      
! STATUS-   Converting Part: C:\Users\juand\OneDrive\Documentos\APM\Github\SediaAutomatica\6 - Digital Factory\Modelos\Maquina de moldeo por soplado\Diseno_Final\Modelo simplificado 8\Conveyor_Perfiles.step
! SUMMARY-   
! SUMMARY-    STEP Header Information
! SUMMARY-   
! SUMMARY-  Description      Unknown
! SUMMARY-  Imp_Level        2;1
! SUMMARY-  File_Name        C:/Users/juand/OneDrive/Documentos/APM/Github/SediaAutomatica/6 - Digital Factory/Modelos/Maquina de moldeo por soplado/Diseno_Final/Modelo simplificado 8/Conveyor_Perfiles.step
! SUMMARY-  Date             2022-06-27T13:04:20-05:00
! SUMMARY-  Author           Unknown
! SUMMARY-  Organization     Unknown
! SUMMARY-  Pre_Version      ST-DEVELOPER v19
! SUMMARY-  Orig_System      Autodesk Translation Framework v11.7.0.108
! SUMMARY-  Authorization    Unknown
! SUMMARY-  Schema_ID        automotive_design
! SUMMARY-   
! SUMMARY-    Summary of STEP Entities
! SUMMARY-   
! SUMMARY-  Entity Type                                                   Count
! SUMMARY-  -----------                                                   ------
! SUMMARY-  advanced_face ..............................................:     66
! SUMMARY-  application_context ........................................:      1
! SUMMARY-  axis2_placement_3d .........................................:    109
! SUMMARY-  cartesian_point ............................................:    337
! SUMMARY-  circle .....................................................:     32
! SUMMARY-  closed_shell ...............................................:      7
! SUMMARY-  context_dependent_shape_representation .....................:      5
! SUMMARY-  cylindrical_surface ........................................:     16
! SUMMARY-  direction ..................................................:    342
! SUMMARY-  edge_curve .................................................:    156
! SUMMARY-  edge_loop ..................................................:     98
! SUMMARY-  face_bound .................................................:     32
! SUMMARY-  face_outer_bound ...........................................:     66
! SUMMARY-  geometric_representation_context_and_global_uncertainty_a ..:      7
! SUMMARY-  item_defined_transformation ................................:      5
! SUMMARY-  length_unit_and_si_unit ....................................:      1
! SUMMARY-  line .......................................................:    124
! SUMMARY-  manifold_solid_brep ........................................:      7
! SUMMARY-  next_assembly_usage_occurrence .............................:      5
! SUMMARY-  oriented_edge ..............................................:    312
! SUMMARY-  plane ......................................................:     50
! SUMMARY-  plane_angle_unit_and_si_unit ...............................:      1
! SUMMARY-  product ....................................................:      6
! SUMMARY-  product_context ............................................:      1
! SUMMARY-  product_definition .........................................:      6
! SUMMARY-  product_definition_context .................................:      1
! SUMMARY-  product_definition_formation ...............................:      6
! SUMMARY-  product_definition_shape ...................................:     11
! SUMMARY-  product_related_product_category ...........................:      6
! SUMMARY-  representation_relationship_with_transformation_and_shape ..:      5
! SUMMARY-  shape_representation .......................................:      6
! SUMMARY-  si_unit_and_solid_angle_unit ...............................:      1
! SUMMARY-  uncertainty_measure_with_unit ..............................:      7
! SUMMARY-  vector .....................................................:    124
! SUMMARY-  vertex_point ...............................................:    104
! SUMMARY-                                                               -------
! SUMMARY-  Total                                                           2063
! STATUS-    
! STATUS-   Converting to Output Form (Phase 2 of 3): 27-JUN-2022 1:06:07 PM
! STATUS-    
! STATUS-    
! STATUS-   Generating UG geometry and placing them in parts
! STATUS-    
! STATUS-   Creating the UG part (Phase 3 of 3): 27-JUN-2022  1:06:08 PM
! INFO-     Filing Part ..: C:\Users\juand\OneDrive\Documentos\APM\Github\SediaAutomatica\6 - Digital Factory\Modelos\Maquina de moldeo por soplado\Diseno_Final\Modelo simplificado 8\Perfiles2113
! SUMMARY-   
! SUMMARY-  Summary of Unigraphics Part Entities
! SUMMARY-   
! SUMMARY-  Entities Processed             Count
! SUMMARY-  ------------------             -----
! SUMMARY-  Solid .......................:     4
! SUMMARY-                                 -----
! SUMMARY-  Total                              4
! STATUS-   Creating the UG part (Phase 3 of 3): 27-JUN-2022  1:06:08 PM
! INFO-     Filing Part ..: C:\Users\juand\OneDrive\Documentos\APM\Github\SediaAutomatica\6 - Digital Factory\Modelos\Maquina de moldeo por soplado\Diseno_Final\Modelo simplificado 8\Banda2112
! SUMMARY-   
! SUMMARY-  Summary of Unigraphics Part Entities
! SUMMARY-   
! SUMMARY-  Entities Processed             Count
! SUMMARY-  ------------------             -----
! SUMMARY-  Solid .......................:     1
! SUMMARY-                                 -----
! SUMMARY-  Total                              1
! STATUS-   Creating the UG part (Phase 3 of 3): 27-JUN-2022  1:06:09 PM
! INFO-     Filing Part ..: C:\Users\juand\OneDrive\Documentos\APM\Github\SediaAutomatica\6 - Digital Factory\Modelos\Maquina de moldeo por soplado\Diseno_Final\Modelo simplificado 8\Soporte_banda_i2111
! SUMMARY-   
! SUMMARY-  Summary of Unigraphics Part Entities
! SUMMARY-   
! SUMMARY-  Entities Processed             Count
! SUMMARY-  ------------------             -----
! SUMMARY-  Solid .......................:     1
! SUMMARY-                                 -----
! SUMMARY-  Total                              1
! STATUS-   Creating the UG part (Phase 3 of 3): 27-JUN-2022  1:06:09 PM
! INFO-     Filing Part ..: C:\Users\juand\OneDrive\Documentos\APM\Github\SediaAutomatica\6 - Digital Factory\Modelos\Maquina de moldeo por soplado\Diseno_Final\Modelo simplificado 8\Soporte_banda_d2110
! SUMMARY-   
! SUMMARY-  Summary of Unigraphics Part Entities
! SUMMARY-   
! SUMMARY-  Entities Processed             Count
! SUMMARY-  ------------------             -----
! SUMMARY-  Solid .......................:     1
! SUMMARY-                                 -----
! SUMMARY-  Total                              1
! STATUS-   Creating the UG part (Phase 3 of 3): 27-JUN-2022  1:06:09 PM
! INFO-     Filing Part ..: C:\Users\juand\OneDrive\Documentos\APM\Github\SediaAutomatica\6 - Digital Factory\Modelos\Maquina de moldeo por soplado\Diseno_Final\Modelo simplificado 8\Conveyor v12109
! SUMMARY-   
! SUMMARY-  Summary of Unigraphics Part Entities
! SUMMARY-   
! SUMMARY-  Entities Processed             Count
! SUMMARY-  ------------------             -----
! SUMMARY-  Component ...................:     3
! SUMMARY-                                 -----
! SUMMARY-  Total                              3
! STATUS-   Creating the UG part (Phase 3 of 3): 27-JUN-2022  1:06:10 PM
! INFO-     Filing Part ..: C:\Users\juand\OneDrive\Documentos\APM\Github\SediaAutomatica\6 - Digital Factory\Modelos\Maquina de moldeo por soplado\Diseno_Final\Modelo simplificado 8\Conveyor_Perfiles.prt
! SUMMARY-   
! SUMMARY-  Summary of Unigraphics Part Entities
! SUMMARY-   
! SUMMARY-  Entities Processed             Count
! SUMMARY-  ------------------             -----
! SUMMARY-  Component ...................:     2
! SUMMARY-                                 -----
! SUMMARY-  Total                              2
! INFO-      
! INFO-     Total number of solids input for this translation       :         7
! INFO-      
! INFO-     Number of solids created without body validation faults :         7
! INFO-      
! INFO-     Number of solids created with body validation fault(s)  :         0
! INFO-      
! INFO-     Number of solids ending up as sheet bodies              :         0
! INFO-      
! INFO-     End of Translation: 27-JUN-2022  1:06:10 PM
! INFO-      
