STEP to UG
STEP to UG
! INFO-     NX STEP AP214 - V1899
! INFO-      
! INFO-     Start of Translation: 23-JUN-2022  9:02:53 AM
! INFO-      
! STATUS-   Converting Part: C:\Users\juand\OneDrive\Documentos\APM\Github\SediaAutomatica\6 - Digital Factory\Modelos\Maquina de moldeo por soplado\Diseno_Final\Modelo simplificado 8\Modelo simplificado 8.step
! SUMMARY-   
! SUMMARY-    STEP Header Information
! SUMMARY-   
! SUMMARY-  Description      Unknown
! SUMMARY-  Imp_Level        2;1
! SUMMARY-  File_Name        C:/Users/juand/OneDrive/Documentos/APM/Github/SediaAutomatica/6 - Digital Factory/Modelos/Maquina de moldeo por soplado/Diseno_Final/Modelo simplificado 8/Modelo simplificado 8.step
! SUMMARY-  Date             2022-06-22T23:00:05-05:00
! SUMMARY-  Author           Unknown
! SUMMARY-  Organization     Unknown
! SUMMARY-  Pre_Version      ST-DEVELOPER v19
! SUMMARY-  Orig_System      Autodesk Translation Framework v11.7.0.108
! SUMMARY-  Authorization    Unknown
! SUMMARY-  Schema_ID        automotive_design
! SUMMARY-   
! SUMMARY-    Summary of STEP Entities
! SUMMARY-   
! SUMMARY-  Entity Type                                                   Count
! SUMMARY-  -----------                                                   ------
! SUMMARY-  advanced_face ..............................................:    444
! SUMMARY-  application_context ........................................:      1
! SUMMARY-  axis2_placement_3d .........................................:    741
! SUMMARY-  b_spline_curve_with_knots ..................................:      6
! SUMMARY-  b_spline_surface_with_knots_and_rational_b_spline_surface ..:     10
! SUMMARY-  cartesian_point ............................................:   2786
! SUMMARY-  circle .....................................................:    251
! SUMMARY-  closed_shell ...............................................:     12
! SUMMARY-  conical_surface ............................................:      2
! SUMMARY-  context_dependent_shape_representation .....................:      9
! SUMMARY-  cylindrical_surface ........................................:    118
! SUMMARY-  direction ..................................................:   2288
! SUMMARY-  edge_curve .................................................:   1099
! SUMMARY-  edge_loop ..................................................:    561
! SUMMARY-  ellipse ....................................................:     36
! SUMMARY-  face_bound .................................................:    117
! SUMMARY-  face_outer_bound ...........................................:    444
! SUMMARY-  geometric_representation_context_and_global_uncertainty_a ..:     11
! SUMMARY-  item_defined_transformation ................................:      9
! SUMMARY-  length_unit_and_si_unit ....................................:      1
! SUMMARY-  line .......................................................:    806
! SUMMARY-  manifold_solid_brep ........................................:     12
! SUMMARY-  next_assembly_usage_occurrence .............................:      9
! SUMMARY-  oriented_edge ..............................................:   2198
! SUMMARY-  plane ......................................................:    297
! SUMMARY-  plane_angle_unit_and_si_unit ...............................:      1
! SUMMARY-  product ....................................................:     10
! SUMMARY-  product_context ............................................:      1
! SUMMARY-  product_definition .........................................:     10
! SUMMARY-  product_definition_context .................................:      1
! SUMMARY-  product_definition_formation ...............................:     10
! SUMMARY-  product_definition_shape ...................................:     19
! SUMMARY-  product_related_product_category ...........................:     10
! SUMMARY-  representation_relationship_with_transformation_and_shape ..:      9
! SUMMARY-  shape_representation .......................................:     10
! SUMMARY-  si_unit_and_solid_angle_unit ...............................:      1
! SUMMARY-  toroidal_surface ...........................................:     17
! SUMMARY-  uncertainty_measure_with_unit ..............................:     11
! SUMMARY-  vector .....................................................:    806
! SUMMARY-  vertex_point ...............................................:    706
! SUMMARY-                                                               -------
! SUMMARY-  Total                                                          13890
! STATUS-    
! STATUS-   Converting to Output Form (Phase 2 of 3): 23-JUN-2022 9:02:53 AM
! STATUS-    
! STATUS-    
! STATUS-   Generating UG geometry and placing them in parts
! STATUS-    
! STATUS-   Creating the UG part (Phase 3 of 3): 23-JUN-2022  9:02:54 AM
! INFO-     Filing Part ..: C:\Users\juand\OneDrive\Documentos\APM\Github\SediaAutomatica\6 - Digital Factory\Modelos\Maquina de moldeo por soplado\Diseno_Final\Modelo simplificado 8\Component25
! SUMMARY-   
! SUMMARY-  Summary of Unigraphics Part Entities
! SUMMARY-   
! SUMMARY-  Entities Processed             Count
! SUMMARY-  ------------------             -----
! SUMMARY-  Solid .......................:     1
! SUMMARY-                                 -----
! SUMMARY-  Total                              1
! STATUS-   Creating the UG part (Phase 3 of 3): 23-JUN-2022  9:02:56 AM
! INFO-     Filing Part ..: C:\Users\juand\OneDrive\Documentos\APM\Github\SediaAutomatica\6 - Digital Factory\Modelos\Maquina de moldeo por soplado\Diseno_Final\Modelo simplificado 8\Silla
! SUMMARY-   
! SUMMARY-  Summary of Unigraphics Part Entities
! SUMMARY-   
! SUMMARY-  Entities Processed             Count
! SUMMARY-  ------------------             -----
! SUMMARY-  Solid .......................:     1
! SUMMARY-                                 -----
! SUMMARY-  Total                              1
! STATUS-   Creating the UG part (Phase 3 of 3): 23-JUN-2022  9:02:56 AM
! INFO-     Filing Part ..: C:\Users\juand\OneDrive\Documentos\APM\Github\SediaAutomatica\6 - Digital Factory\Modelos\Maquina de moldeo por soplado\Diseno_Final\Modelo simplificado 8\Molde_i
! SUMMARY-   
! SUMMARY-  Summary of Unigraphics Part Entities
! SUMMARY-   
! SUMMARY-  Entities Processed             Count
! SUMMARY-  ------------------             -----
! SUMMARY-  Solid .......................:     1
! SUMMARY-                                 -----
! SUMMARY-  Total                              1
! STATUS-   Creating the UG part (Phase 3 of 3): 23-JUN-2022  9:02:57 AM
! INFO-     Filing Part ..: C:\Users\juand\OneDrive\Documentos\APM\Github\SediaAutomatica\6 - Digital Factory\Modelos\Maquina de moldeo por soplado\Diseno_Final\Modelo simplificado 8\Molde_d
! SUMMARY-   
! SUMMARY-  Summary of Unigraphics Part Entities
! SUMMARY-   
! SUMMARY-  Entities Processed             Count
! SUMMARY-  ------------------             -----
! SUMMARY-  Solid .......................:     1
! SUMMARY-                                 -----
! SUMMARY-  Total                              1
! STATUS-   Creating the UG part (Phase 3 of 3): 23-JUN-2022  9:02:57 AM
! INFO-     Filing Part ..: C:\Users\juand\OneDrive\Documentos\APM\Github\SediaAutomatica\6 - Digital Factory\Modelos\Maquina de moldeo por soplado\Diseno_Final\Modelo simplificado 8\Soporte_molde
! SUMMARY-   
! SUMMARY-  Summary of Unigraphics Part Entities
! SUMMARY-   
! SUMMARY-  Entities Processed             Count
! SUMMARY-  ------------------             -----
! SUMMARY-  Solid .......................:     1
! SUMMARY-                                 -----
! SUMMARY-  Total                              1
! STATUS-   Creating the UG part (Phase 3 of 3): 23-JUN-2022  9:02:58 AM
! INFO-     Filing Part ..: C:\Users\juand\OneDrive\Documentos\APM\Github\SediaAutomatica\6 - Digital Factory\Modelos\Maquina de moldeo por soplado\Diseno_Final\Modelo simplificado 8\Component43
! SUMMARY-   
! SUMMARY-  Summary of Unigraphics Part Entities
! SUMMARY-   
! SUMMARY-  Entities Processed             Count
! SUMMARY-  ------------------             -----
! SUMMARY-  Solid .......................:     1
! SUMMARY-                                 -----
! SUMMARY-  Total                              1
! STATUS-   Creating the UG part (Phase 3 of 3): 23-JUN-2022  9:02:58 AM
! INFO-     Filing Part ..: C:\Users\juand\OneDrive\Documentos\APM\Github\SediaAutomatica\6 - Digital Factory\Modelos\Maquina de moldeo por soplado\Diseno_Final\Modelo simplificado 8\Component44
! SUMMARY-   
! SUMMARY-  Summary of Unigraphics Part Entities
! SUMMARY-   
! SUMMARY-  Entities Processed             Count
! SUMMARY-  ------------------             -----
! SUMMARY-  Solid .......................:     1
! SUMMARY-                                 -----
! SUMMARY-  Total                              1
! STATUS-   Creating the UG part (Phase 3 of 3): 23-JUN-2022  9:03:00 AM
! INFO-     Filing Part ..: C:\Users\juand\OneDrive\Documentos\APM\Github\SediaAutomatica\6 - Digital Factory\Modelos\Maquina de moldeo por soplado\Diseno_Final\Modelo simplificado 8\Component1 v1
! SUMMARY-   
! SUMMARY-  Summary of Unigraphics Part Entities
! SUMMARY-   
! SUMMARY-  Entities Processed             Count
! SUMMARY-  ------------------             -----
! SUMMARY-  Solid .......................:     5
! SUMMARY-                                 -----
! SUMMARY-  Total                              5
! STATUS-   Creating the UG part (Phase 3 of 3): 23-JUN-2022  9:03:02 AM
! INFO-     Filing Part ..: C:\Users\juand\OneDrive\Documentos\APM\Github\SediaAutomatica\6 - Digital Factory\Modelos\Maquina de moldeo por soplado\Diseno_Final\Modelo simplificado 8\Molde v2
! SUMMARY-   
! SUMMARY-  Summary of Unigraphics Part Entities
! SUMMARY-   
! SUMMARY-  Entities Processed             Count
! SUMMARY-  ------------------             -----
! SUMMARY-  Component ...................:     6
! SUMMARY-                                 -----
! SUMMARY-  Total                              6
! STATUS-   Creating the UG part (Phase 3 of 3): 23-JUN-2022  9:03:03 AM
! INFO-     Filing Part ..: C:\Users\juand\OneDrive\Documentos\APM\Github\SediaAutomatica\6 - Digital Factory\Modelos\Maquina de moldeo por soplado\Diseno_Final\Modelo simplificado 8\Modelo simplificado 8.prt
! SUMMARY-   
! SUMMARY-  Summary of Unigraphics Part Entities
! SUMMARY-   
! SUMMARY-  Entities Processed             Count
! SUMMARY-  ------------------             -----
! SUMMARY-  Component ...................:     3
! SUMMARY-                                 -----
! SUMMARY-  Total                              3
! INFO-      
! INFO-     Total number of solids input for this translation       :        12
! INFO-      
! INFO-     Number of solids created without body validation faults :        12
! INFO-      
! INFO-     Number of solids created with body validation fault(s)  :         0
! INFO-      
! INFO-     Number of solids ending up as sheet bodies              :         0
! INFO-      
! INFO-     End of Translation: 23-JUN-2022  9:03:04 AM
! INFO-      
