STEP to UG
! INFO-     NX STEP AP214 - V1899
! INFO-      
! INFO-     Start of Translation: 25-JUN-2022  9:25:21 AM
! INFO-      
! STATUS-   Converting Part: C:\Users\juand\OneDrive\Documentos\APM\Github\SediaAutomatica\6 - Digital Factory\Modelos\Maquina de moldeo por soplado\Diseno_Final\Modelo simplificado 8\Mesa_Desbarbado.step
! SUMMARY-   
! SUMMARY-    STEP Header Information
! SUMMARY-   
! SUMMARY-  Description      Unknown
! SUMMARY-  Imp_Level        2;1
! SUMMARY-  File_Name        C:/Users/juand/OneDrive/Documentos/APM/Github/SediaAutomatica/6 - Digital Factory/Modelos/Maquina de moldeo por soplado/Diseno_Final/Modelo simplificado 8/Mesa_Desbarbado.step
! SUMMARY-  Date             2022-06-25T09:19:21-05:00
! SUMMARY-  Author           Unknown
! SUMMARY-  Organization     Unknown
! SUMMARY-  Pre_Version      ST-DEVELOPER v19
! SUMMARY-  Orig_System      Autodesk Translation Framework v11.7.0.108
! SUMMARY-  Authorization    Unknown
! SUMMARY-  Schema_ID        automotive_design
! SUMMARY-   
! SUMMARY-    Summary of STEP Entities
! SUMMARY-   
! SUMMARY-  Entity Type                                                   Count
! SUMMARY-  -----------                                                   ------
! SUMMARY-  advanced_face ..............................................:     37
! SUMMARY-  application_context ........................................:      1
! SUMMARY-  axis2_placement_3d .........................................:     48
! SUMMARY-  cartesian_point ............................................:    193
! SUMMARY-  circle .....................................................:      5
! SUMMARY-  closed_shell ...............................................:      2
! SUMMARY-  context_dependent_shape_representation .....................:      2
! SUMMARY-  cylindrical_surface ........................................:      1
! SUMMARY-  direction ..................................................:    182
! SUMMARY-  edge_curve .................................................:     91
! SUMMARY-  edge_loop ..................................................:     38
! SUMMARY-  face_bound .................................................:      1
! SUMMARY-  face_outer_bound ...........................................:     37
! SUMMARY-  geometric_representation_context_and_global_uncertainty_a ..:      4
! SUMMARY-  item_defined_transformation ................................:      2
! SUMMARY-  length_unit_and_si_unit ....................................:      1
! SUMMARY-  line .......................................................:     86
! SUMMARY-  manifold_solid_brep ........................................:      2
! SUMMARY-  next_assembly_usage_occurrence .............................:      2
! SUMMARY-  oriented_edge ..............................................:    182
! SUMMARY-  plane ......................................................:     36
! SUMMARY-  plane_angle_unit_and_si_unit ...............................:      1
! SUMMARY-  product ....................................................:      3
! SUMMARY-  product_context ............................................:      1
! SUMMARY-  product_definition .........................................:      3
! SUMMARY-  product_definition_context .................................:      1
! SUMMARY-  product_definition_formation ...............................:      3
! SUMMARY-  product_definition_shape ...................................:      5
! SUMMARY-  product_related_product_category ...........................:      3
! SUMMARY-  representation_relationship_with_transformation_and_shape ..:      2
! SUMMARY-  shape_representation .......................................:      3
! SUMMARY-  si_unit_and_solid_angle_unit ...............................:      1
! SUMMARY-  uncertainty_measure_with_unit ..............................:      4
! SUMMARY-  vector .....................................................:     86
! SUMMARY-  vertex_point ...............................................:     59
! SUMMARY-                                                               -------
! SUMMARY-  Total                                                           1128
! STATUS-    
! STATUS-   Converting to Output Form (Phase 2 of 3): 25-JUN-2022 9:25:21 AM
! STATUS-    
! STATUS-    
! STATUS-   Generating UG geometry and placing them in parts
! STATUS-    
! STATUS-   Creating the UG part (Phase 3 of 3): 25-JUN-2022  9:25:23 AM
! INFO-     Filing Part ..: C:\Users\juand\OneDrive\Documentos\APM\Github\SediaAutomatica\6 - Digital Factory\Modelos\Maquina de moldeo por soplado\Diseno_Final\Modelo simplificado 8\Silla v1
! SUMMARY-   
! SUMMARY-  Summary of Unigraphics Part Entities
! SUMMARY-   
! SUMMARY-  Entities Processed             Count
! SUMMARY-  ------------------             -----
! SUMMARY-  Solid .......................:     1
! SUMMARY-                                 -----
! SUMMARY-  Total                              1
! STATUS-   Creating the UG part (Phase 3 of 3): 25-JUN-2022  9:25:26 AM
! INFO-     Filing Part ..: C:\Users\juand\OneDrive\Documentos\APM\Github\SediaAutomatica\6 - Digital Factory\Modelos\Maquina de moldeo por soplado\Diseno_Final\Modelo simplificado 8\Mesa_1
! SUMMARY-   
! SUMMARY-  Summary of Unigraphics Part Entities
! SUMMARY-   
! SUMMARY-  Entities Processed             Count
! SUMMARY-  ------------------             -----
! SUMMARY-  Solid .......................:     1
! SUMMARY-                                 -----
! SUMMARY-  Total                              1
! STATUS-   Creating the UG part (Phase 3 of 3): 25-JUN-2022  9:25:27 AM
! INFO-     Filing Part ..: C:\Users\juand\OneDrive\Documentos\APM\Github\SediaAutomatica\6 - Digital Factory\Modelos\Maquina de moldeo por soplado\Diseno_Final\Modelo simplificado 8\Mesa_Desbarbado.prt
! SUMMARY-   
! SUMMARY-  Summary of Unigraphics Part Entities
! SUMMARY-   
! SUMMARY-  Entities Processed             Count
! SUMMARY-  ------------------             -----
! SUMMARY-  Component ...................:     2
! SUMMARY-                                 -----
! SUMMARY-  Total                              2
! INFO-      
! INFO-     Total number of solids input for this translation       :         2
! INFO-      
! INFO-     Number of solids created without body validation faults :         2
! INFO-      
! INFO-     Number of solids created with body validation fault(s)  :         0
! INFO-      
! INFO-     Number of solids ending up as sheet bodies              :         0
! INFO-      
! INFO-     End of Translation: 25-JUN-2022  9:25:27 AM
! INFO-      
STEP to UG
! INFO-     NX STEP AP214 - V1899
! INFO-      
! INFO-     Start of Translation: 25-JUN-2022  9:29:25 AM
! INFO-      
! STATUS-   Converting Part: C:\Users\juand\OneDrive\Documentos\APM\Github\SediaAutomatica\6 - Digital Factory\Modelos\Maquina de moldeo por soplado\Diseno_Final\Modelo simplificado 8\Mesa_Desbarbado.step
! SUMMARY-   
! SUMMARY-    STEP Header Information
! SUMMARY-   
! SUMMARY-  Description      Unknown
! SUMMARY-  Imp_Level        2;1
! SUMMARY-  File_Name        C:/Users/juand/OneDrive/Documentos/APM/Github/SediaAutomatica/6 - Digital Factory/Modelos/Maquina de moldeo por soplado/Diseno_Final/Modelo simplificado 8/Mesa_Desbarbado.step
! SUMMARY-  Date             2022-06-25T09:29:01-05:00
! SUMMARY-  Author           Unknown
! SUMMARY-  Organization     Unknown
! SUMMARY-  Pre_Version      ST-DEVELOPER v19
! SUMMARY-  Orig_System      Autodesk Translation Framework v11.7.0.108
! SUMMARY-  Authorization    Unknown
! SUMMARY-  Schema_ID        automotive_design
! SUMMARY-   
! SUMMARY-    Summary of STEP Entities
! SUMMARY-   
! SUMMARY-  Entity Type                                                   Count
! SUMMARY-  -----------                                                   ------
! SUMMARY-  advanced_face ..............................................:     37
! SUMMARY-  application_context ........................................:      1
! SUMMARY-  axis2_placement_3d .........................................:     48
! SUMMARY-  cartesian_point ............................................:    193
! SUMMARY-  circle .....................................................:      5
! SUMMARY-  closed_shell ...............................................:      2
! SUMMARY-  context_dependent_shape_representation .....................:      2
! SUMMARY-  cylindrical_surface ........................................:      1
! SUMMARY-  direction ..................................................:    182
! SUMMARY-  edge_curve .................................................:     91
! SUMMARY-  edge_loop ..................................................:     38
! SUMMARY-  face_bound .................................................:      1
! SUMMARY-  face_outer_bound ...........................................:     37
! SUMMARY-  geometric_representation_context_and_global_uncertainty_a ..:      4
! SUMMARY-  item_defined_transformation ................................:      2
! SUMMARY-  length_unit_and_si_unit ....................................:      1
! SUMMARY-  line .......................................................:     86
! SUMMARY-  manifold_solid_brep ........................................:      2
! SUMMARY-  next_assembly_usage_occurrence .............................:      2
! SUMMARY-  oriented_edge ..............................................:    182
! SUMMARY-  plane ......................................................:     36
! SUMMARY-  plane_angle_unit_and_si_unit ...............................:      1
! SUMMARY-  product ....................................................:      3
! SUMMARY-  product_context ............................................:      1
! SUMMARY-  product_definition .........................................:      3
! SUMMARY-  product_definition_context .................................:      1
! SUMMARY-  product_definition_formation ...............................:      3
! SUMMARY-  product_definition_shape ...................................:      5
! SUMMARY-  product_related_product_category ...........................:      3
! SUMMARY-  representation_relationship_with_transformation_and_shape ..:      2
! SUMMARY-  shape_representation .......................................:      3
! SUMMARY-  si_unit_and_solid_angle_unit ...............................:      1
! SUMMARY-  uncertainty_measure_with_unit ..............................:      4
! SUMMARY-  vector .....................................................:     86
! SUMMARY-  vertex_point ...............................................:     59
! SUMMARY-                                                               -------
! SUMMARY-  Total                                                           1128
! STATUS-    
! STATUS-   Converting to Output Form (Phase 2 of 3): 25-JUN-2022 9:29:26 AM
! STATUS-    
! STATUS-    
! STATUS-   Generating UG geometry and placing them in parts
! STATUS-    
! STATUS-   Creating the UG part (Phase 3 of 3): 25-JUN-2022  9:29:26 AM
! INFO-     Filing Part ..: C:\Users\juand\OneDrive\Documentos\APM\Github\SediaAutomatica\6 - Digital Factory\Modelos\Maquina de moldeo por soplado\Diseno_Final\Modelo simplificado 8\Silla v11160
! SUMMARY-   
! SUMMARY-  Summary of Unigraphics Part Entities
! SUMMARY-   
! SUMMARY-  Entities Processed             Count
! SUMMARY-  ------------------             -----
! SUMMARY-  Solid .......................:     1
! SUMMARY-                                 -----
! SUMMARY-  Total                              1
! STATUS-   Creating the UG part (Phase 3 of 3): 25-JUN-2022  9:29:26 AM
! INFO-     Filing Part ..: C:\Users\juand\OneDrive\Documentos\APM\Github\SediaAutomatica\6 - Digital Factory\Modelos\Maquina de moldeo por soplado\Diseno_Final\Modelo simplificado 8\Mesa_11159
! SUMMARY-   
! SUMMARY-  Summary of Unigraphics Part Entities
! SUMMARY-   
! SUMMARY-  Entities Processed             Count
! SUMMARY-  ------------------             -----
! SUMMARY-  Solid .......................:     1
! SUMMARY-                                 -----
! SUMMARY-  Total                              1
! STATUS-   Creating the UG part (Phase 3 of 3): 25-JUN-2022  9:29:27 AM
! INFO-     Filing Part ..: C:\Users\juand\OneDrive\Documentos\APM\Github\SediaAutomatica\6 - Digital Factory\Modelos\Maquina de moldeo por soplado\Diseno_Final\Modelo simplificado 8\Mesa_Desbarbado.prt
! SUMMARY-   
! SUMMARY-  Summary of Unigraphics Part Entities
! SUMMARY-   
! SUMMARY-  Entities Processed             Count
! SUMMARY-  ------------------             -----
! SUMMARY-  Component ...................:     2
! SUMMARY-                                 -----
! SUMMARY-  Total                              2
! INFO-      
! INFO-     Total number of solids input for this translation       :         2
! INFO-      
! INFO-     Number of solids created without body validation faults :         2
! INFO-      
! INFO-     Number of solids created with body validation fault(s)  :         0
! INFO-      
! INFO-     Number of solids ending up as sheet bodies              :         0
! INFO-      
! INFO-     End of Translation: 25-JUN-2022  9:29:27 AM
! INFO-      
STEP to UG
! INFO-     NX STEP AP214 - V1899
! INFO-      
! INFO-     Start of Translation: 25-JUN-2022  9:43:14 AM
! INFO-      
! STATUS-   Converting Part: C:\Users\juand\OneDrive\Documentos\APM\Github\SediaAutomatica\6 - Digital Factory\Modelos\Maquina de moldeo por soplado\Diseno_Final\Modelo simplificado 8\Mesa_Desbarbado.step
! SUMMARY-   
! SUMMARY-    STEP Header Information
! SUMMARY-   
! SUMMARY-  Description      Unknown
! SUMMARY-  Imp_Level        2;1
! SUMMARY-  File_Name        C:/Users/juand/OneDrive/Documentos/APM/Github/SediaAutomatica/6 - Digital Factory/Modelos/Maquina de moldeo por soplado/Diseno_Final/Modelo simplificado 8/Mesa_Desbarbado.step
! SUMMARY-  Date             2022-06-25T09:42:48-05:00
! SUMMARY-  Author           Unknown
! SUMMARY-  Organization     Unknown
! SUMMARY-  Pre_Version      ST-DEVELOPER v19
! SUMMARY-  Orig_System      Autodesk Translation Framework v11.7.0.108
! SUMMARY-  Authorization    Unknown
! SUMMARY-  Schema_ID        automotive_design
! SUMMARY-   
! SUMMARY-    Summary of STEP Entities
! SUMMARY-   
! SUMMARY-  Entity Type                                                   Count
! SUMMARY-  -----------                                                   ------
! SUMMARY-  advanced_face ..............................................:     38
! SUMMARY-  application_context ........................................:      1
! SUMMARY-  axis2_placement_3d .........................................:     51
! SUMMARY-  cartesian_point ............................................:    196
! SUMMARY-  circle .....................................................:      5
! SUMMARY-  closed_shell ...............................................:      3
! SUMMARY-  context_dependent_shape_representation .....................:      3
! SUMMARY-  cylindrical_surface ........................................:      1
! SUMMARY-  direction ..................................................:    188
! SUMMARY-  edge_curve .................................................:     91
! SUMMARY-  edge_loop ..................................................:     38
! SUMMARY-  face_outer_bound ...........................................:     38
! SUMMARY-  geometric_representation_context_and_global_uncertainty_a ..:      5
! SUMMARY-  item_defined_transformation ................................:      3
! SUMMARY-  length_unit_and_si_unit ....................................:      1
! SUMMARY-  line .......................................................:     86
! SUMMARY-  manifold_solid_brep ........................................:      3
! SUMMARY-  next_assembly_usage_occurrence .............................:      3
! SUMMARY-  oriented_edge ..............................................:    182
! SUMMARY-  plane ......................................................:     37
! SUMMARY-  plane_angle_unit_and_si_unit ...............................:      1
! SUMMARY-  product ....................................................:      4
! SUMMARY-  product_context ............................................:      1
! SUMMARY-  product_definition .........................................:      4
! SUMMARY-  product_definition_context .................................:      1
! SUMMARY-  product_definition_formation ...............................:      4
! SUMMARY-  product_definition_shape ...................................:      7
! SUMMARY-  product_related_product_category ...........................:      4
! SUMMARY-  representation_relationship_with_transformation_and_shape ..:      3
! SUMMARY-  shape_representation .......................................:      4
! SUMMARY-  si_unit_and_solid_angle_unit ...............................:      1
! SUMMARY-  uncertainty_measure_with_unit ..............................:      5
! SUMMARY-  vector .....................................................:     86
! SUMMARY-  vertex_point ...............................................:     59
! SUMMARY-                                                               -------
! SUMMARY-  Total                                                           1157
! STATUS-    
! STATUS-   Converting to Output Form (Phase 2 of 3): 25-JUN-2022 9:43:15 AM
! STATUS-    
! STATUS-    
! STATUS-   Generating UG geometry and placing them in parts
! STATUS-    
! STATUS-   Creating the UG part (Phase 3 of 3): 25-JUN-2022  9:43:15 AM
! INFO-     Filing Part ..: C:\Users\juand\OneDrive\Documentos\APM\Github\SediaAutomatica\6 - Digital Factory\Modelos\Maquina de moldeo por soplado\Diseno_Final\Modelo simplificado 8\Desbarbador
! SUMMARY-   
! SUMMARY-  Summary of Unigraphics Part Entities
! SUMMARY-   
! SUMMARY-  Entities Processed             Count
! SUMMARY-  ------------------             -----
! SUMMARY-  Solid .......................:     1
! SUMMARY-                                 -----
! SUMMARY-  Total                              1
! STATUS-   Creating the UG part (Phase 3 of 3): 25-JUN-2022  9:43:15 AM
! INFO-     Filing Part ..: C:\Users\juand\OneDrive\Documentos\APM\Github\SediaAutomatica\6 - Digital Factory\Modelos\Maquina de moldeo por soplado\Diseno_Final\Modelo simplificado 8\Silla v11199
! SUMMARY-   
! SUMMARY-  Summary of Unigraphics Part Entities
! SUMMARY-   
! SUMMARY-  Entities Processed             Count
! SUMMARY-  ------------------             -----
! SUMMARY-  Solid .......................:     1
! SUMMARY-                                 -----
! SUMMARY-  Total                              1
! STATUS-   Creating the UG part (Phase 3 of 3): 25-JUN-2022  9:43:17 AM
! INFO-     Filing Part ..: C:\Users\juand\OneDrive\Documentos\APM\Github\SediaAutomatica\6 - Digital Factory\Modelos\Maquina de moldeo por soplado\Diseno_Final\Modelo simplificado 8\Mesa_11198
! SUMMARY-   
! SUMMARY-  Summary of Unigraphics Part Entities
! SUMMARY-   
! SUMMARY-  Entities Processed             Count
! SUMMARY-  ------------------             -----
! SUMMARY-  Solid .......................:     1
! SUMMARY-                                 -----
! SUMMARY-  Total                              1
! STATUS-   Creating the UG part (Phase 3 of 3): 25-JUN-2022  9:43:17 AM
! INFO-     Filing Part ..: C:\Users\juand\OneDrive\Documentos\APM\Github\SediaAutomatica\6 - Digital Factory\Modelos\Maquina de moldeo por soplado\Diseno_Final\Modelo simplificado 8\Mesa_Desbarbado.prt
! SUMMARY-   
! SUMMARY-  Summary of Unigraphics Part Entities
! SUMMARY-   
! SUMMARY-  Entities Processed             Count
! SUMMARY-  ------------------             -----
! SUMMARY-  Component ...................:     3
! SUMMARY-                                 -----
! SUMMARY-  Total                              3
! INFO-      
! INFO-     Total number of solids input for this translation       :         3
! INFO-      
! INFO-     Number of solids created without body validation faults :         3
! INFO-      
! INFO-     Number of solids created with body validation fault(s)  :         0
! INFO-      
! INFO-     Number of solids ending up as sheet bodies              :         0
! INFO-      
! INFO-     End of Translation: 25-JUN-2022  9:43:18 AM
! INFO-      
